aeon-android/app/build/intermediates/manifest_merge_blame_file/debug/processDebugMainManifest/manifest-merger-blame-debug-report.txt
1<?xml version="1.0" encoding="utf-8"?>
2<manifest xmlns:android="http://schemas.android.com/apk/res/android"
3    package="flow.aeon.capture"
4    android:versionCode="1"
5    android:versionName="0.1.0" >
6
7    <uses-sdk
8        android:minSdkVersion="26"
9        android:targetSdkVersion="35" />
10
11    <uses-permission android:name="android.permission.INTERNET" />
11-->src\main\AndroidManifest.xml:2:5-67
11-->src\main\AndroidManifest.xml:2:22-64
12    <uses-permission android:name="android.permission.READ_MEDIA_IMAGES" />
12-->src\main\AndroidManifest.xml:3:5-76
12-->src\main\AndroidManifest.xml:3:22-73
13    <uses-permission
13-->src\main\AndroidManifest.xml:4:5-107
14        android:name="android.permission.READ_EXTERNAL_STORAGE"
14-->src\main\AndroidManifest.xml:4:22-77
15        android:maxSdkVersion="32" />
15-->src\main\AndroidManifest.xml:4:78-104
16
17    <application
17-->src\main\AndroidManifest.xml:6:5-38:19
18        android:allowBackup="true"
18-->src\main\AndroidManifest.xml:7:9-35
19        android:debuggable="true"
20        android:extractNativeLibs="false"
21        android:label="AEON"
21-->src\main\AndroidManifest.xml:8:9-29
22        android:theme="@style/AppTheme"
22-->src\main\AndroidManifest.xml:10:9-40
23        android:usesCleartextTraffic="true" >
23-->src\main\AndroidManifest.xml:9:9-44
24        <activity
24-->src\main\AndroidManifest.xml:11:9-24:20
25            android:name="flow.aeon.capture.ShareReceiverActivity"
25-->src\main\AndroidManifest.xml:12:13-50
26            android:exported="true" >
26-->src\main\AndroidManifest.xml:13:13-36
27            <intent-filter>
27-->src\main\AndroidManifest.xml:14:13-18:29
28                <action android:name="android.intent.action.SEND" />
28-->src\main\AndroidManifest.xml:15:17-69
28-->src\main\AndroidManifest.xml:15:25-66
29
30                <category android:name="android.intent.category.DEFAULT" />
30-->src\main\AndroidManifest.xml:16:17-76
30-->src\main\AndroidManifest.xml:16:27-73
31
32                <data android:mimeType="*/*" />
32-->src\main\AndroidManifest.xml:17:17-48
32-->src\main\AndroidManifest.xml:17:23-45
33            </intent-filter>
34            <intent-filter>
34-->src\main\AndroidManifest.xml:19:13-23:29
35                <action android:name="android.intent.action.SEND_MULTIPLE" />
35-->src\main\AndroidManifest.xml:20:17-78
35-->src\main\AndroidManifest.xml:20:25-75
36
37                <category android:name="android.intent.category.DEFAULT" />
37-->src\main\AndroidManifest.xml:16:17-76
37-->src\main\AndroidManifest.xml:16:27-73
38
39                <data android:mimeType="*/*" />
39-->src\main\AndroidManifest.xml:17:17-48
39-->src\main\AndroidManifest.xml:17:23-45
40            </intent-filter>
41        </activity>
42        <activity
42-->src\main\AndroidManifest.xml:26:9-33:20
43            android:name="flow.aeon.capture.MainActivity"
43-->src\main\AndroidManifest.xml:27:13-41
44            android:exported="true" >
44-->src\main\AndroidManifest.xml:28:13-36
45            <intent-filter>
45-->src\main\AndroidManifest.xml:29:13-32:29
46                <action android:name="android.intent.action.MAIN" />
46-->src\main\AndroidManifest.xml:30:17-69
46-->src\main\AndroidManifest.xml:30:25-66
47
48                <category android:name="android.intent.category.LAUNCHER" />
48-->src\main\AndroidManifest.xml:31:17-77
48-->src\main\AndroidManifest.xml:31:27-74
49            </intent-filter>
50        </activity>
51
52        <service
52-->src\main\AndroidManifest.xml:35:9-37:40
53            android:name="flow.aeon.capture.PhotoWatcherService"
53-->src\main\AndroidManifest.xml:36:13-48
54            android:exported="false" />
54-->src\main\AndroidManifest.xml:37:13-37
55    </application>
56
57</manifest>